<?xml version="1.0" encoding="UTF-8"?>
<!-- Generated by org.testng.reporters.JUnitReportReporter -->
<testsuite skipped="0" hostname="DESKTOP-DDN2NNO" name="com.abc.test.Abc" tests="1" failures="0" timestamp="10 Jun 2018 22:23:30 GMT" time="0.007" errors="0">
  <testcase name="Abc" time="0.007" classname="com.abc.test.Abc"/>
</testsuite> <!-- com.abc.test.Abc -->
