<?xml version="1.0" encoding="UTF-8"?>
<!-- Generated by org.testng.reporters.JUnitReportReporter -->
<testsuite skipped="0" hostname="DESKTOP-DDN2NNO" name="com.testers.test.Abc" tests="1" failures="0" timestamp="10 Jun 2018 22:21:57 GMT" time="0.013" errors="0">
  <testcase name="Abc" time="0.013" classname="com.testers.test.Abc"/>
</testsuite> <!-- com.testers.test.Abc -->
